<?xml version="1.0" encoding="UTF-8"?>
<!-- Generated by org.testng.reporters.JUnitReportReporter -->
<testsuite hostname="YUVARAJ_UV" failures="0" tests="1" name="com.Tests.HomeTest" time="12.547" errors="0" timestamp="2025-03-26T16:35:27 IST" skipped="0">
  <testcase classname="com.Tests.HomeTest" name="loginTest" time="12.547"/>
</testsuite> <!-- com.Tests.HomeTest -->
